<?xml version="1.0" encoding="UTF-8"?>
<!-- Generated by org.testng.reporters.JUnitReportReporter -->
<testsuite name="Operation.WriteNewMsg.Navigate" tests="8" time="39.198" ignored="8" failures="0" timestamp="25 十一月 2017 09:52:22 GMT" skipped="0" hostname="bogon" errors="0">
  <testcase name="hLogout" time="4.421" classname="Operation.WriteNewMsg.Navigate"/>
  <testcase name="dFrame" time="5.027" classname="Operation.WriteNewMsg.Navigate"/>
  <testcase name="fParnter" time="4.338" classname="Operation.WriteNewMsg.Navigate"/>
  <testcase name="aBackBtn" time="3.471" classname="Operation.WriteNewMsg.Navigate"/>
  <testcase name="eDevice" time="9.203" classname="Operation.WriteNewMsg.Navigate"/>
  <testcase name="cHistoryMsg" time="4.607" classname="Operation.WriteNewMsg.Navigate"/>
  <testcase name="bNewMsgClk" time="3.484" classname="Operation.WriteNewMsg.Navigate"/>
  <testcase name="gMy" time="4.647" classname="Operation.WriteNewMsg.Navigate"/>
  <testcase name="getUrl" classname="LoginTest.LoginTest">
    <skipped/>
  </testcase> <!-- getUrl -->
  <testcase name="phoneisWrongPwd" classname="LoginTest.LoginTest">
    <skipped/>
  </testcase> <!-- phoneisWrongPwd -->
  <testcase name="phoneisWrongformat1" classname="LoginTest.LoginTest">
    <skipped/>
  </testcase> <!-- phoneisWrongformat1 -->
  <testcase name="phoneisWrongformat2" classname="LoginTest.LoginTest">
    <skipped/>
  </testcase> <!-- phoneisWrongformat2 -->
  <testcase name="phoneisLock" classname="LoginTest.LoginTest">
    <skipped/>
  </testcase> <!-- phoneisLock -->
  <testcase name="phoneisWrongformat3" classname="LoginTest.LoginTest">
    <skipped/>
  </testcase> <!-- phoneisWrongformat3 -->
  <testcase name="phoneisWrongNumber" classname="LoginTest.LoginTest">
    <skipped/>
  </testcase> <!-- phoneisWrongNumber -->
  <testcase name="phoneisNull" classname="LoginTest.LoginTest">
    <skipped/>
  </testcase> <!-- phoneisNull -->
</testsuite> <!-- Operation.WriteNewMsg.Navigate -->
