<?xml version="1.0" encoding="UTF-8"?>
<!-- Generated by org.testng.reporters.JUnitReportReporter -->
<testsuite name="Operation.WriteNewMsg.VideoUpload" tests="17" time="114.225" ignored="8" failures="0" timestamp="25 十一月 2017 09:52:22 GMT" skipped="0" hostname="bogon" errors="0">
  <testcase name="a8Uploading50Close" time="6.198" classname="Operation.WriteNewMsg.VideoUpload"/>
  <testcase name="a2Title30chars" time="6.805" classname="Operation.WriteNewMsg.VideoUpload"/>
  <testcase name="b5UploadingClickOutside" time="7.077" classname="Operation.WriteNewMsg.VideoUpload"/>
  <testcase name="a3WrongFormat" time="7.203" classname="Operation.WriteNewMsg.VideoUpload"/>
  <testcase name="b4UploadedScroll" time="6.993" classname="Operation.WriteNewMsg.VideoUpload"/>
  <testcase name="a5UploadingScroll" time="7.273" classname="Operation.WriteNewMsg.VideoUpload"/>
  <testcase name="b3UploadAgain" time="7.273" classname="Operation.WriteNewMsg.VideoUpload"/>
  <testcase name="a7UploadingVerifyFinish" time="4.399" classname="Operation.WriteNewMsg.VideoUpload"/>
  <testcase name="a9Uploading90Close" time="7.044" classname="Operation.WriteNewMsg.VideoUpload"/>
  <testcase name="a4UploadingInputTitle" time="7.488" classname="Operation.WriteNewMsg.VideoUpload"/>
  <testcase name="a1TitleAlert" time="7.611" classname="Operation.WriteNewMsg.VideoUpload"/>
  <testcase name="b2UploadingConfirmClose" time="5.084" classname="Operation.WriteNewMsg.VideoUpload"/>
  <testcase name="b6UploadedClose" time="6.772" classname="Operation.WriteNewMsg.VideoUpload"/>
  <testcase name="b7UploadedCancelClose" time="7.077" classname="Operation.WriteNewMsg.VideoUpload"/>
  <testcase name="b8UploadedCloseConfirm" time="6.704" classname="Operation.WriteNewMsg.VideoUpload"/>
  <testcase name="a6UploadingClickOutside" time="4.623" classname="Operation.WriteNewMsg.VideoUpload"/>
  <testcase name="b1UploadingCancelX" time="8.601" classname="Operation.WriteNewMsg.VideoUpload"/>
  <testcase name="getUrl" classname="LoginTest.LoginTest">
    <skipped/>
  </testcase> <!-- getUrl -->
  <testcase name="phoneisWrongPwd" classname="LoginTest.LoginTest">
    <skipped/>
  </testcase> <!-- phoneisWrongPwd -->
  <testcase name="phoneisWrongformat1" classname="LoginTest.LoginTest">
    <skipped/>
  </testcase> <!-- phoneisWrongformat1 -->
  <testcase name="phoneisWrongformat2" classname="LoginTest.LoginTest">
    <skipped/>
  </testcase> <!-- phoneisWrongformat2 -->
  <testcase name="phoneisLock" classname="LoginTest.LoginTest">
    <skipped/>
  </testcase> <!-- phoneisLock -->
  <testcase name="phoneisWrongformat3" classname="LoginTest.LoginTest">
    <skipped/>
  </testcase> <!-- phoneisWrongformat3 -->
  <testcase name="phoneisWrongNumber" classname="LoginTest.LoginTest">
    <skipped/>
  </testcase> <!-- phoneisWrongNumber -->
  <testcase name="phoneisNull" classname="LoginTest.LoginTest">
    <skipped/>
  </testcase> <!-- phoneisNull -->
</testsuite> <!-- Operation.WriteNewMsg.VideoUpload -->
