<?xml version="1.0" encoding="UTF-8"?>
<!-- Generated by org.testng.reporters.JUnitReportReporter -->
<testsuite name="Operation.WriteNewMsg.PictureUpload" tests="21" time="192.064" ignored="8" failures="1" timestamp="25 十一月 2017 09:52:22 GMT" skipped="0" hostname="bogon" errors="0">
  <testcase name="a4UploadingTextInput" time="4.667" classname="Operation.WriteNewMsg.PictureUpload"/>
  <testcase name="a3PictureSizeVerify" time="5.433" classname="Operation.WriteNewMsg.PictureUpload"/>
  <testcase name="a8UploadingClickX" time="4.695" classname="Operation.WriteNewMsg.PictureUpload"/>
  <testcase name="b3UloadedClickOutside" time="8.592" classname="Operation.WriteNewMsg.PictureUpload"/>
  <testcase name="a5UploadingScroll" time="5.535" classname="Operation.WriteNewMsg.PictureUpload"/>
  <testcase name="c2UploadedCloseConfirmUploadAgain" time="7.877" classname="Operation.WriteNewMsg.PictureUpload"/>
  <testcase name="b9UploadedCloseCancel" time="5.423" classname="Operation.WriteNewMsg.PictureUpload"/>
  <testcase name="b6UploadedAgainTextVerify" time="8.311" classname="Operation.WriteNewMsg.PictureUpload"/>
  <testcase name="b2UploadedScroll" time="8.952" classname="Operation.WriteNewMsg.PictureUpload"/>
  <testcase name="b5UploadAgain" time="7.504" classname="Operation.WriteNewMsg.PictureUpload"/>
  <testcase name="a7UploadingClickFinish" time="4.448" classname="Operation.WriteNewMsg.PictureUpload"/>
  <testcase name="a9UploadingCloseConfirm" time="4.898" classname="Operation.WriteNewMsg.PictureUpload"/>
  <testcase name="b1UploadingCloseConfirmUploadAgain" time="7.226" classname="Operation.WriteNewMsg.PictureUpload"/>
  <testcase name="b8UploadedClose" time="5.251" classname="Operation.WriteNewMsg.PictureUpload"/>
  <testcase name="a8UploadingCloseCancel" time="65.226" classname="Operation.WriteNewMsg.PictureUpload">
    <failure type="java.lang.AssertionError" message="expected [true] but found [false]">
      <![CDATA[java.lang.AssertionError: expected [true] but found [false]
	at org.testng.Assert.fail(Assert.java:94)
	at org.testng.Assert.failNotEquals(Assert.java:513)
	at org.testng.Assert.assertEqualsImpl(Assert.java:135)
	at org.testng.Assert.assertEquals(Assert.java:116)
	at org.testng.Assert.assertEquals(Assert.java:305)
	at org.testng.Assert.assertEquals(Assert.java:315)
	at Operation.WriteNewMsg.PictureUpload.a8UploadingCloseCancel(PictureUpload.java:226)
	at sun.reflect.NativeMethodAccessorImpl.invoke0(Native Method)
	at sun.reflect.NativeMethodAccessorImpl.invoke(NativeMethodAccessorImpl.java:62)
	at sun.reflect.DelegatingMethodAccessorImpl.invoke(DelegatingMethodAccessorImpl.java:43)
	at java.lang.reflect.Method.invoke(Method.java:498)
	at org.testng.internal.MethodInvocationHelper.invokeMethod(MethodInvocationHelper.java:104)
	at org.testng.internal.Invoker.invokeMethod(Invoker.java:645)
	at org.testng.internal.Invoker.retryFailed(Invoker.java:998)
	at org.testng.internal.Invoker.invokeTestMethods(Invoker.java:1200)
	at org.testng.internal.TestMethodWorker.invokeTestMethods(TestMethodWorker.java:129)
	at org.testng.internal.TestMethodWorker.run(TestMethodWorker.java:112)
	at java.util.concurrent.ThreadPoolExecutor.runWorker(ThreadPoolExecutor.java:1149)
	at java.util.concurrent.ThreadPoolExecutor$Worker.run(ThreadPoolExecutor.java:624)
	at java.lang.Thread.run(Thread.java:748)
]]>
    </failure>
  </testcase> <!-- a8UploadingCloseCancel -->
  <testcase name="a6UploadingClickOutside" time="5.544" classname="Operation.WriteNewMsg.PictureUpload"/>
  <testcase name="b4UploadedTextInput" time="8.236" classname="Operation.WriteNewMsg.PictureUpload"/>
  <testcase name="a1TitleText" time="6.224" classname="Operation.WriteNewMsg.PictureUpload"/>
  <testcase name="c1UploadedCloseConfirm" time="5.488" classname="Operation.WriteNewMsg.PictureUpload"/>
  <testcase name="b7UploadedAgainTwice" time="6.625" classname="Operation.WriteNewMsg.PictureUpload"/>
  <testcase name="a2Title30Chars" time="5.909" classname="Operation.WriteNewMsg.PictureUpload"/>
  <testcase name="getUrl" classname="LoginTest.LoginTest">
    <skipped/>
  </testcase> <!-- getUrl -->
  <testcase name="phoneisWrongPwd" classname="LoginTest.LoginTest">
    <skipped/>
  </testcase> <!-- phoneisWrongPwd -->
  <testcase name="phoneisWrongformat1" classname="LoginTest.LoginTest">
    <skipped/>
  </testcase> <!-- phoneisWrongformat1 -->
  <testcase name="phoneisWrongformat2" classname="LoginTest.LoginTest">
    <skipped/>
  </testcase> <!-- phoneisWrongformat2 -->
  <testcase name="phoneisLock" classname="LoginTest.LoginTest">
    <skipped/>
  </testcase> <!-- phoneisLock -->
  <testcase name="phoneisWrongformat3" classname="LoginTest.LoginTest">
    <skipped/>
  </testcase> <!-- phoneisWrongformat3 -->
  <testcase name="phoneisWrongNumber" classname="LoginTest.LoginTest">
    <skipped/>
  </testcase> <!-- phoneisWrongNumber -->
  <testcase name="phoneisNull" classname="LoginTest.LoginTest">
    <skipped/>
  </testcase> <!-- phoneisNull -->
</testsuite> <!-- Operation.WriteNewMsg.PictureUpload -->
