<?xml version="1.0" encoding="UTF-8"?>
<!-- Generated by org.testng.reporters.JUnitReportReporter -->
<testsuite name="Operation.partner" tests="7" time="21.260" ignored="0" failures="0" timestamp="20 十一月 2017 08:44:36 GMT" skipped="0" hostname="weiqiangdeMacBook-Pro.local" errors="0">
  <testcase name="a4Frame" time="3.133" classname="Operation.partner"/>
  <testcase name="a2NewMsg" time="2.240" classname="Operation.partner"/>
  <testcase name="a6Parnter" time="2.541" classname="Operation.partner"/>
  <testcase name="a7Logout" time="3.015" classname="Operation.partner"/>
  <testcase name="a1back" time="2.684" classname="Operation.partner"/>
  <testcase name="a5Device" time="3.645" classname="Operation.partner"/>
  <testcase name="a3HistoryMsg" time="4.002" classname="Operation.partner"/>
</testsuite> <!-- Operation.partner -->
