<?xml version="1.0" encoding="UTF-8"?>
<!-- Generated by org.testng.reporters.JUnitReportReporter -->
<testsuite name="Operation.History.Navigate" tests="1" time="4.023" ignored="10" failures="0" timestamp="27 十一月 2017 00:53:24 GMT" skipped="0" hostname="weiqiangdeMacBook-Pro.local" errors="0">
  <testcase name="b5Next" time="4.023" classname="Operation.History.Navigate"/>
  <testcase name="b2Display50" classname="Operation.History.Navigate">
    <skipped/>
  </testcase> <!-- b2Display50 -->
  <testcase name="a2NewMsg" classname="Operation.History.Navigate">
    <skipped/>
  </testcase> <!-- a2NewMsg -->
  <testcase name="b1Display25" classname="Operation.History.Navigate">
    <skipped/>
  </testcase> <!-- b1Display25 -->
  <testcase name="b3Display100" classname="Operation.History.Navigate">
    <skipped/>
  </testcase> <!-- b3Display100 -->
  <testcase name="a1back" classname="Operation.History.Navigate">
    <skipped/>
  </testcase> <!-- a1back -->
  <testcase name="a6Parnter" classname="Operation.History.Navigate">
    <skipped/>
  </testcase> <!-- a6Parnter -->
  <testcase name="b4Page1" classname="Operation.History.Navigate">
    <skipped/>
  </testcase> <!-- b4Page1 -->
  <testcase name="zLogout" classname="Operation.History.Navigate">
    <skipped/>
  </testcase> <!-- zLogout -->
  <testcase name="a5Device" classname="Operation.History.Navigate">
    <skipped/>
  </testcase> <!-- a5Device -->
  <testcase name="b6LastPage" classname="Operation.History.Navigate">
    <skipped/>
  </testcase> <!-- b6LastPage -->
</testsuite> <!-- Operation.History.Navigate -->
