<?xml version="1.0" encoding="UTF-8"?>
<!-- Generated by org.testng.reporters.JUnitReportReporter -->
<testsuite name="Operation.NewMsgClick" tests="1" time="0.628" ignored="0" failures="0" timestamp="03 十一月 2017 07:13:02 GMT" skipped="0" hostname="weiqiangdeMacBook-Pro.local" errors="0">
  <testcase name="a2NewMsgz_click" time="0.628" classname="Operation.NewMsgClick"/>
</testsuite> <!-- Operation.NewMsgClick -->
