<?xml version="1.0" encoding="UTF-8"?>
<!-- Generated by org.testng.reporters.JUnitReportReporter -->
<testsuite name="LoginTest.LoginTest" tests="8" time="5.697" ignored="8" failures="0" timestamp="25 十一月 2017 09:52:22 GMT" skipped="0" hostname="bogon" errors="0">
  <testcase name="phoneisWrongPwd" time="0.828" classname="LoginTest.LoginTest"/>
  <testcase name="phoneisNull" time="0.332" classname="LoginTest.LoginTest"/>
  <testcase name="phoneisWrongformat2" time="0.867" classname="LoginTest.LoginTest"/>
  <testcase name="phoneisWrongNumber" time="0.930" classname="LoginTest.LoginTest"/>
  <testcase name="getUrl" time="0.015" classname="LoginTest.LoginTest"/>
  <testcase name="phoneisWrongformat1" time="0.900" classname="LoginTest.LoginTest"/>
  <testcase name="phoneisLock" time="0.951" classname="LoginTest.LoginTest"/>
  <testcase name="phoneisWrongformat3" time="0.874" classname="LoginTest.LoginTest"/>
  <testcase name="getUrl" classname="LoginTest.LoginTest">
    <skipped/>
  </testcase> <!-- getUrl -->
  <testcase name="phoneisWrongPwd" classname="LoginTest.LoginTest">
    <skipped/>
  </testcase> <!-- phoneisWrongPwd -->
  <testcase name="phoneisWrongformat1" classname="LoginTest.LoginTest">
    <skipped/>
  </testcase> <!-- phoneisWrongformat1 -->
  <testcase name="phoneisWrongformat2" classname="LoginTest.LoginTest">
    <skipped/>
  </testcase> <!-- phoneisWrongformat2 -->
  <testcase name="phoneisLock" classname="LoginTest.LoginTest">
    <skipped/>
  </testcase> <!-- phoneisLock -->
  <testcase name="phoneisWrongformat3" classname="LoginTest.LoginTest">
    <skipped/>
  </testcase> <!-- phoneisWrongformat3 -->
  <testcase name="phoneisWrongNumber" classname="LoginTest.LoginTest">
    <skipped/>
  </testcase> <!-- phoneisWrongNumber -->
  <testcase name="phoneisNull" classname="LoginTest.LoginTest">
    <skipped/>
  </testcase> <!-- phoneisNull -->
</testsuite> <!-- LoginTest.LoginTest -->
