<?xml version="1.0" encoding="UTF-8"?>
<!-- Generated by org.testng.reporters.JUnitReportReporter -->
<testsuite name="Operation.Device" tests="7" time="24.837" ignored="0" failures="0" timestamp="21 十一月 2017 02:17:48 GMT" skipped="0" hostname="weiqiangdeMacBook-Pro.local" errors="0">
  <testcase name="a4Frame" time="3.356" classname="Operation.Device"/>
  <testcase name="a2NewMsg" time="2.387" classname="Operation.Device"/>
  <testcase name="a6Parnter" time="3.858" classname="Operation.Device"/>
  <testcase name="a7Logout" time="4.237" classname="Operation.Device"/>
  <testcase name="a1back" time="3.465" classname="Operation.Device"/>
  <testcase name="a5Device" time="3.604" classname="Operation.Device"/>
  <testcase name="a3HistoryMsg" time="3.930" classname="Operation.Device"/>
</testsuite> <!-- Operation.Device -->
