<?xml version="1.0" encoding="UTF-8"?>
<!-- Generated by org.testng.reporters.JUnitReportReporter -->
<testsuite name="Operation.WriteNewMsg.TestMultiWrite" tests="4" time="131.008" ignored="0" failures="0" timestamp="09 十一月 2017 08:14:31 GMT" skipped="0" hostname="weiqiangdeMacBook-Pro.local" errors="0">
  <testcase name="push1" time="17.587" classname="Operation.WriteNewMsg.TestMultiWrite"/>
  <testcase name="push2" time="27.907" classname="Operation.WriteNewMsg.TestMultiWrite"/>
  <testcase name="push4" time="47.531" classname="Operation.WriteNewMsg.TestMultiWrite"/>
  <testcase name="push3" time="37.983" classname="Operation.WriteNewMsg.TestMultiWrite"/>
</testsuite> <!-- Operation.WriteNewMsg.TestMultiWrite -->
