<?xml version="1.0" encoding="UTF-8"?>
<!-- Generated by org.testng.reporters.JUnitReportReporter -->
<testsuite name="Operation.myWorkingHistory" tests="4" time="13.009" ignored="0" failures="0" timestamp="24 十一月 2017 04:07:39 GMT" skipped="0" hostname="weiqiangdeMacBook-Pro.local" errors="0">
  <testcase name="b3Pages" time="0.043" classname="Operation.myWorkingHistory"/>
  <testcase name="b1LoginHistory" time="10.735" classname="Operation.myWorkingHistory"/>
  <testcase name="a1Title" time="2.209" classname="Operation.myWorkingHistory"/>
  <testcase name="b2LogoutHistory" time="0.022" classname="Operation.myWorkingHistory"/>
</testsuite> <!-- Operation.myWorkingHistory -->
