<?xml version="1.0" encoding="UTF-8"?>
<!-- Generated by org.testng.reporters.JUnitReportReporter -->
<testsuite name="Operation.frame" tests="7" time="22.694" ignored="0" failures="0" timestamp="20 十一月 2017 08:36:55 GMT" skipped="0" hostname="weiqiangdeMacBook-Pro.local" errors="0">
  <testcase name="a4Frame" time="4.872" classname="Operation.frame"/>
  <testcase name="a2NewMsg" time="2.096" classname="Operation.frame"/>
  <testcase name="a6Parnter" time="3.363" classname="Operation.frame"/>
  <testcase name="a7Logout" time="3.189" classname="Operation.frame"/>
  <testcase name="a1back" time="2.929" classname="Operation.frame"/>
  <testcase name="a5Device" time="3.051" classname="Operation.frame"/>
  <testcase name="a3HistoryMsg" time="3.194" classname="Operation.frame"/>
</testsuite> <!-- Operation.frame -->
