<?xml version="1.0" encoding="UTF-8"?>
<!-- Generated by org.testng.reporters.JUnitReportReporter -->
<testsuite name="Operation.History.MsgList" tests="9" time="27.782" ignored="0" failures="0" timestamp="27 十一月 2017 02:56:51 GMT" skipped="0" hostname="weiqiangdeMacBook-Pro.local" errors="0">
  <testcase name="a8ClickNextDrawer" time="2.685" classname="Operation.History.MsgList"/>
  <testcase name="a9ClickLastDrawer" time="4.989" classname="Operation.History.MsgList"/>
  <testcase name="a2DefaultType" time="1.338" classname="Operation.History.MsgList"/>
  <testcase name="b2EditNavigate" time="6.551" classname="Operation.History.MsgList"/>
  <testcase name="a5RejectedSequence" time="3.760" classname="Operation.History.MsgList"/>
  <testcase name="a1DefaultDisplay" time="1.387" classname="Operation.History.MsgList"/>
  <testcase name="b1LastDrawer" time="4.071" classname="Operation.History.MsgList"/>
  <testcase name="a7RejectedSequence" time="1.643" classname="Operation.History.MsgList"/>
  <testcase name="a3DefaulSequence" time="1.358" classname="Operation.History.MsgList"/>
</testsuite> <!-- Operation.History.MsgList -->
