<?xml version="1.0" encoding="UTF-8"?>
<!-- Generated by org.testng.reporters.JUnitReportReporter -->
<testsuite name="Operation.NewsList" tests="27" time="69.966" ignored="8" failures="0" timestamp="25 十一月 2017 09:52:22 GMT" skipped="0" hostname="bogon" errors="0">
  <testcase name="a2default2" time="0.044" classname="Operation.NewsList"/>
  <testcase name="b2pushObjNums" time="6.868" classname="Operation.NewsList"/>
  <testcase name="c6Page1Disabled" time="2.112" classname="Operation.NewsList"/>
  <testcase name="b7textOfCancelAll" time="2.749" classname="Operation.NewsList"/>
  <testcase name="a6history_click" time="0.771" classname="Operation.NewsList"/>
  <testcase name="zlogout" time="1.770" classname="Operation.NewsList"/>
  <testcase name="c8PageNext" time="2.680" classname="Operation.NewsList"/>
  <testcase name="c3WhiteSelectAll" time="2.731" classname="Operation.NewsList"/>
  <testcase name="b6seleckallAfterSelectone" time="2.471" classname="Operation.NewsList"/>
  <testcase name="a7Album_click" time="4.762" classname="Operation.NewsList"/>
  <testcase name="c4RecentPushCancel" time="2.817" classname="Operation.NewsList"/>
  <testcase name="b8WhiteAfterCancelAll" time="2.521" classname="Operation.NewsList"/>
  <testcase name="a5leftnavi1" time="0.033" classname="Operation.NewsList"/>
  <testcase name="c7PageLastDisabled" time="2.100" classname="Operation.NewsList"/>
  <testcase name="b5pushObjCancelAll" time="2.474" classname="Operation.NewsList"/>
  <testcase name="b3apushObjAll" time="0.939" classname="Operation.NewsList"/>
  <testcase name="a8Device_click" time="4.493" classname="Operation.NewsList"/>
  <testcase name="a1default1" time="0.035" classname="Operation.NewsList"/>
  <testcase name="a3default3" time="0.043" classname="Operation.NewsList"/>
  <testcase name="b1pushObj" time="4.938" classname="Operation.NewsList"/>
  <testcase name="b4WriteSelectAll" time="4.101" classname="Operation.NewsList"/>
  <testcase name="c2WhiteSelectTwoPages" time="6.845" classname="Operation.NewsList"/>
  <testcase name="c9LastPage" time="0.274" classname="Operation.NewsList"/>
  <testcase name="a9Partner_click" time="3.885" classname="Operation.NewsList"/>
  <testcase name="a4NewMsgz_click" time="0.453" classname="Operation.NewsList"/>
  <testcase name="c1WhiteSelectTwoPages" time="3.382" classname="Operation.NewsList"/>
  <testcase name="b9WhiteSelectAllAgain" time="3.675" classname="Operation.NewsList"/>
  <testcase name="getUrl" classname="LoginTest.LoginTest">
    <skipped/>
  </testcase> <!-- getUrl -->
  <testcase name="phoneisWrongPwd" classname="LoginTest.LoginTest">
    <skipped/>
  </testcase> <!-- phoneisWrongPwd -->
  <testcase name="phoneisWrongformat1" classname="LoginTest.LoginTest">
    <skipped/>
  </testcase> <!-- phoneisWrongformat1 -->
  <testcase name="phoneisWrongformat2" classname="LoginTest.LoginTest">
    <skipped/>
  </testcase> <!-- phoneisWrongformat2 -->
  <testcase name="phoneisLock" classname="LoginTest.LoginTest">
    <skipped/>
  </testcase> <!-- phoneisLock -->
  <testcase name="phoneisWrongformat3" classname="LoginTest.LoginTest">
    <skipped/>
  </testcase> <!-- phoneisWrongformat3 -->
  <testcase name="phoneisWrongNumber" classname="LoginTest.LoginTest">
    <skipped/>
  </testcase> <!-- phoneisWrongNumber -->
  <testcase name="phoneisNull" classname="LoginTest.LoginTest">
    <skipped/>
  </testcase> <!-- phoneisNull -->
</testsuite> <!-- Operation.NewsList -->
