<?xml version="1.0" encoding="UTF-8"?>
<!-- Generated by org.testng.reporters.JUnitReportReporter -->
<testsuite name="Operation.myAccount" tests="20" time="76.531" ignored="0" failures="1" timestamp="24 十一月 2017 03:25:28 GMT" skipped="0" hostname="weiqiangdeMacBook-Pro.local" errors="0">
  <testcase name="a3NotSelected" time="3.413" classname="Operation.myAccount"/>
  <testcase name="c4UpdateHead" time="15.140" classname="Operation.myAccount"/>
  <testcase name="b2MyAccount" time="1.818" classname="Operation.myAccount"/>
  <testcase name="a6NewMsg" time="1.860" classname="Operation.myAccount"/>
  <testcase name="a2Selected" time="1.318" classname="Operation.myAccount"/>
  <testcase name="b3SytemMsg" time="4.098" classname="Operation.myAccount"/>
  <testcase name="a7HistoryMsg" time="3.785" classname="Operation.myAccount"/>
  <testcase name="zLogout" time="2.614" classname="Operation.myAccount"/>
  <testcase name="c5VerifyName" time="1.566" classname="Operation.myAccount"/>
  <testcase name="a8Frame" time="1.781" classname="Operation.myAccount"/>
  <testcase name="a1Head" time="1.347" classname="Operation.myAccount"/>
  <testcase name="b1Parnter" time="2.077" classname="Operation.myAccount"/>
  <testcase name="c6VerifyCharactor" time="1.312" classname="Operation.myAccount"/>
  <testcase name="a5back" time="7.344" classname="Operation.myAccount"/>
  <testcase name="c2UploadingClick" time="5.904" classname="Operation.myAccount"/>
  <testcase name="c8VerifyPhone" time="1.318" classname="Operation.myAccount"/>
  <testcase name="c1HeadStyle" time="5.720" classname="Operation.myAccount"/>
  <testcase name="c7VerifyCompany" time="1.319" classname="Operation.myAccount">
    <failure type="java.lang.AssertionError" message="expected [蛙鸣] but found [运营人员]">
      <![CDATA[java.lang.AssertionError: expected [蛙鸣] but found [运营人员]
	at org.testng.Assert.fail(Assert.java:94)
	at org.testng.Assert.failNotEquals(Assert.java:513)
	at org.testng.Assert.assertEqualsImpl(Assert.java:135)
	at org.testng.Assert.assertEquals(Assert.java:116)
	at org.testng.Assert.assertEquals(Assert.java:190)
	at org.testng.Assert.assertEquals(Assert.java:200)
	at Operation.myAccount.c7VerifyCompany(myAccount.java:374)
	at sun.reflect.NativeMethodAccessorImpl.invoke0(Native Method)
	at sun.reflect.NativeMethodAccessorImpl.invoke(NativeMethodAccessorImpl.java:62)
	at sun.reflect.DelegatingMethodAccessorImpl.invoke(DelegatingMethodAccessorImpl.java:43)
	at java.lang.reflect.Method.invoke(Method.java:498)
	at org.testng.internal.MethodInvocationHelper.invokeMethod(MethodInvocationHelper.java:104)
	at org.testng.internal.Invoker.invokeMethod(Invoker.java:645)
	at org.testng.internal.Invoker.invokeTestMethod(Invoker.java:851)
	at org.testng.internal.Invoker.invokeTestMethods(Invoker.java:1177)
	at org.testng.internal.TestMethodWorker.invokeTestMethods(TestMethodWorker.java:129)
	at org.testng.internal.TestMethodWorker.run(TestMethodWorker.java:112)
	at org.testng.TestRunner.privateRun(TestRunner.java:756)
	at org.testng.TestRunner.run(TestRunner.java:610)
	at org.testng.SuiteRunner.runTest(SuiteRunner.java:387)
	at org.testng.SuiteRunner.runSequentially(SuiteRunner.java:382)
	at org.testng.SuiteRunner.privateRun(SuiteRunner.java:340)
	at org.testng.SuiteRunner.run(SuiteRunner.java:289)
	at org.testng.SuiteRunnerWorker.runSuite(SuiteRunnerWorker.java:52)
	at org.testng.SuiteRunnerWorker.run(SuiteRunnerWorker.java:86)
	at org.testng.TestNG.runSuitesSequentially(TestNG.java:1293)
	at org.testng.TestNG.runSuitesLocally(TestNG.java:1218)
	at org.testng.TestNG.runSuites(TestNG.java:1133)
	at org.testng.TestNG.run(TestNG.java:1104)
	at org.testng.remote.AbstractRemoteTestNG.run(AbstractRemoteTestNG.java:114)
	at org.testng.remote.RemoteTestNG.initAndRun(RemoteTestNG.java:251)
	at org.testng.remote.RemoteTestNG.main(RemoteTestNG.java:77)
]]>
    </failure>
  </testcase> <!-- c7VerifyCompany -->
  <testcase name="a9Device" time="3.214" classname="Operation.myAccount"/>
  <testcase name="c3Upload1MB" time="9.583" classname="Operation.myAccount"/>
</testsuite> <!-- Operation.myAccount -->
