<?xml version="1.0" encoding="UTF-8"?>
<!-- Generated by org.testng.reporters.JUnitReportReporter -->
<testsuite name="Operation.WriteNewMsg.VideoUpload" tests="17" time="122.360" ignored="8" failures="0" timestamp="29 十一月 2017 01:10:29 GMT" skipped="0" hostname="weiqiangdeMacBook-Pro.local" errors="0">
  <testcase name="b7UploadedCancelClose" time="7.076" classname="Operation.WriteNewMsg.VideoUpload"/>
  <testcase name="b2UploadingConfirmClose" time="5.107" classname="Operation.WriteNewMsg.VideoUpload"/>
  <testcase name="a9Uploading90Close" time="6.805" classname="Operation.WriteNewMsg.VideoUpload"/>
  <testcase name="b8UploadedCloseConfirm" time="7.660" classname="Operation.WriteNewMsg.VideoUpload"/>
  <testcase name="b3UploadAgain" time="6.240" classname="Operation.WriteNewMsg.VideoUpload"/>
  <testcase name="a8Uploading50Close" time="6.291" classname="Operation.WriteNewMsg.VideoUpload"/>
  <testcase name="a4UploadingInputTitle" time="6.467" classname="Operation.WriteNewMsg.VideoUpload"/>
  <testcase name="a3WrongFormat" time="6.644" classname="Operation.WriteNewMsg.VideoUpload"/>
  <testcase name="a2Title30chars" time="6.413" classname="Operation.WriteNewMsg.VideoUpload"/>
  <testcase name="a7UploadingVerifyFinish" time="2.574" classname="Operation.WriteNewMsg.VideoUpload"/>
  <testcase name="a1TitleAlert" time="6.675" classname="Operation.WriteNewMsg.VideoUpload"/>
  <testcase name="b1UploadingCancelX" time="19.708" classname="Operation.WriteNewMsg.VideoUpload"/>
  <testcase name="a6UploadingClickOutside" time="7.116" classname="Operation.WriteNewMsg.VideoUpload"/>
  <testcase name="a5UploadingScroll" time="6.537" classname="Operation.WriteNewMsg.VideoUpload"/>
  <testcase name="b6UploadedClose" time="6.949" classname="Operation.WriteNewMsg.VideoUpload"/>
  <testcase name="b5UploadingClickOutside" time="6.886" classname="Operation.WriteNewMsg.VideoUpload"/>
  <testcase name="b4UploadedScroll" time="7.212" classname="Operation.WriteNewMsg.VideoUpload"/>
  <testcase name="getUrl" classname="LoginTest.LoginTest">
    <skipped/>
  </testcase> <!-- getUrl -->
  <testcase name="phoneisWrongPwd" classname="LoginTest.LoginTest">
    <skipped/>
  </testcase> <!-- phoneisWrongPwd -->
  <testcase name="phoneisWrongformat1" classname="LoginTest.LoginTest">
    <skipped/>
  </testcase> <!-- phoneisWrongformat1 -->
  <testcase name="phoneisWrongformat2" classname="LoginTest.LoginTest">
    <skipped/>
  </testcase> <!-- phoneisWrongformat2 -->
  <testcase name="phoneisLock" classname="LoginTest.LoginTest">
    <skipped/>
  </testcase> <!-- phoneisLock -->
  <testcase name="phoneisWrongformat3" classname="LoginTest.LoginTest">
    <skipped/>
  </testcase> <!-- phoneisWrongformat3 -->
  <testcase name="phoneisWrongNumber" classname="LoginTest.LoginTest">
    <skipped/>
  </testcase> <!-- phoneisWrongNumber -->
  <testcase name="phoneisNull" classname="LoginTest.LoginTest">
    <skipped/>
  </testcase> <!-- phoneisNull -->
</testsuite> <!-- Operation.WriteNewMsg.VideoUpload -->
