<?xml version="1.0" encoding="UTF-8"?>
<!-- Generated by org.testng.reporters.JUnitReportReporter -->
<testsuite name="Operation.WriteNewMsg.Navigate" tests="8" time="31.881" ignored="8" failures="0" timestamp="27 十一月 2017 03:07:45 GMT" skipped="0" hostname="weiqiangdeMacBook-Pro.local" errors="0">
  <testcase name="eDevice" time="4.100" classname="Operation.WriteNewMsg.Navigate"/>
  <testcase name="dFrame" time="4.413" classname="Operation.WriteNewMsg.Navigate"/>
  <testcase name="gMy" time="3.740" classname="Operation.WriteNewMsg.Navigate"/>
  <testcase name="bNewMsgClk" time="3.565" classname="Operation.WriteNewMsg.Navigate"/>
  <testcase name="fParnter" time="4.371" classname="Operation.WriteNewMsg.Navigate"/>
  <testcase name="cHistoryMsg" time="3.875" classname="Operation.WriteNewMsg.Navigate"/>
  <testcase name="hLogout" time="4.289" classname="Operation.WriteNewMsg.Navigate"/>
  <testcase name="aBackBtn" time="3.528" classname="Operation.WriteNewMsg.Navigate"/>
  <testcase name="getUrl" classname="LoginTest.LoginTest">
    <skipped/>
  </testcase> <!-- getUrl -->
  <testcase name="phoneisWrongPwd" classname="LoginTest.LoginTest">
    <skipped/>
  </testcase> <!-- phoneisWrongPwd -->
  <testcase name="phoneisWrongformat1" classname="LoginTest.LoginTest">
    <skipped/>
  </testcase> <!-- phoneisWrongformat1 -->
  <testcase name="phoneisWrongformat2" classname="LoginTest.LoginTest">
    <skipped/>
  </testcase> <!-- phoneisWrongformat2 -->
  <testcase name="phoneisLock" classname="LoginTest.LoginTest">
    <skipped/>
  </testcase> <!-- phoneisLock -->
  <testcase name="phoneisWrongformat3" classname="LoginTest.LoginTest">
    <skipped/>
  </testcase> <!-- phoneisWrongformat3 -->
  <testcase name="phoneisWrongNumber" classname="LoginTest.LoginTest">
    <skipped/>
  </testcase> <!-- phoneisWrongNumber -->
  <testcase name="phoneisNull" classname="LoginTest.LoginTest">
    <skipped/>
  </testcase> <!-- phoneisNull -->
</testsuite> <!-- Operation.WriteNewMsg.Navigate -->
