<?xml version="1.0" encoding="UTF-8"?>
<!-- Generated by org.testng.reporters.JUnitReportReporter -->
<testsuite name="Operation.History.Navigate" tests="11" time="34.058" ignored="8" failures="0" timestamp="27 十一月 2017 03:07:25 GMT" skipped="0" hostname="weiqiangdeMacBook-Pro.local" errors="0">
  <testcase name="a6Parnter" time="2.397" classname="Operation.History.Navigate"/>
  <testcase name="a1back" time="3.022" classname="Operation.History.Navigate"/>
  <testcase name="a5Device" time="3.077" classname="Operation.History.Navigate"/>
  <testcase name="a2NewMsg" time="1.902" classname="Operation.History.Navigate"/>
  <testcase name="b3Display100" time="3.359" classname="Operation.History.Navigate"/>
  <testcase name="b2Display50" time="3.399" classname="Operation.History.Navigate"/>
  <testcase name="b1Display25" time="3.024" classname="Operation.History.Navigate"/>
  <testcase name="b4Page1" time="1.753" classname="Operation.History.Navigate"/>
  <testcase name="b6LastPage" time="5.858" classname="Operation.History.Navigate"/>
  <testcase name="zLogout" time="2.653" classname="Operation.History.Navigate"/>
  <testcase name="b5Next" time="3.614" classname="Operation.History.Navigate"/>
  <testcase name="getUrl" classname="LoginTest.LoginTest">
    <skipped/>
  </testcase> <!-- getUrl -->
  <testcase name="phoneisWrongPwd" classname="LoginTest.LoginTest">
    <skipped/>
  </testcase> <!-- phoneisWrongPwd -->
  <testcase name="phoneisWrongformat1" classname="LoginTest.LoginTest">
    <skipped/>
  </testcase> <!-- phoneisWrongformat1 -->
  <testcase name="phoneisWrongformat2" classname="LoginTest.LoginTest">
    <skipped/>
  </testcase> <!-- phoneisWrongformat2 -->
  <testcase name="phoneisLock" classname="LoginTest.LoginTest">
    <skipped/>
  </testcase> <!-- phoneisLock -->
  <testcase name="phoneisWrongformat3" classname="LoginTest.LoginTest">
    <skipped/>
  </testcase> <!-- phoneisWrongformat3 -->
  <testcase name="phoneisWrongNumber" classname="LoginTest.LoginTest">
    <skipped/>
  </testcase> <!-- phoneisWrongNumber -->
  <testcase name="phoneisNull" classname="LoginTest.LoginTest">
    <skipped/>
  </testcase> <!-- phoneisNull -->
</testsuite> <!-- Operation.History.Navigate -->
