<?xml version="1.0" encoding="UTF-8"?>
<!-- Generated by org.testng.reporters.JUnitReportReporter -->
<testsuite name="Operation.History.MsgList" tests="9" time="28.177" ignored="8" failures="0" timestamp="29 十一月 2017 01:10:14 GMT" skipped="0" hostname="weiqiangdeMacBook-Pro.local" errors="0">
  <testcase name="a7RejectedSequence" time="2.104" classname="Operation.History.MsgList"/>
  <testcase name="a3DefaulSequence" time="1.333" classname="Operation.History.MsgList"/>
  <testcase name="a9ClickLastDrawer" time="5.075" classname="Operation.History.MsgList"/>
  <testcase name="a2DefaultType" time="1.430" classname="Operation.History.MsgList"/>
  <testcase name="b1LastDrawer" time="4.433" classname="Operation.History.MsgList"/>
  <testcase name="b2EditNavigate" time="6.586" classname="Operation.History.MsgList"/>
  <testcase name="a1DefaultDisplay" time="1.348" classname="Operation.History.MsgList"/>
  <testcase name="a5RejectedSequence" time="3.671" classname="Operation.History.MsgList"/>
  <testcase name="a8ClickNextDrawer" time="2.197" classname="Operation.History.MsgList"/>
  <testcase name="getUrl" classname="LoginTest.LoginTest">
    <skipped/>
  </testcase> <!-- getUrl -->
  <testcase name="phoneisWrongPwd" classname="LoginTest.LoginTest">
    <skipped/>
  </testcase> <!-- phoneisWrongPwd -->
  <testcase name="phoneisWrongformat1" classname="LoginTest.LoginTest">
    <skipped/>
  </testcase> <!-- phoneisWrongformat1 -->
  <testcase name="phoneisWrongformat2" classname="LoginTest.LoginTest">
    <skipped/>
  </testcase> <!-- phoneisWrongformat2 -->
  <testcase name="phoneisLock" classname="LoginTest.LoginTest">
    <skipped/>
  </testcase> <!-- phoneisLock -->
  <testcase name="phoneisWrongformat3" classname="LoginTest.LoginTest">
    <skipped/>
  </testcase> <!-- phoneisWrongformat3 -->
  <testcase name="phoneisWrongNumber" classname="LoginTest.LoginTest">
    <skipped/>
  </testcase> <!-- phoneisWrongNumber -->
  <testcase name="phoneisNull" classname="LoginTest.LoginTest">
    <skipped/>
  </testcase> <!-- phoneisNull -->
</testsuite> <!-- Operation.History.MsgList -->
