<?xml version="1.0" encoding="UTF-8"?>
<!-- Generated by org.testng.reporters.JUnitReportReporter -->
<testsuite name="Operation.History.Navigate" tests="11" time="33.195" ignored="8" failures="0" timestamp="29 十一月 2017 01:10:24 GMT" skipped="0" hostname="weiqiangdeMacBook-Pro.local" errors="0">
  <testcase name="b6LastPage" time="5.428" classname="Operation.History.Navigate"/>
  <testcase name="b1Display25" time="3.052" classname="Operation.History.Navigate"/>
  <testcase name="a1back" time="2.632" classname="Operation.History.Navigate"/>
  <testcase name="zLogout" time="3.009" classname="Operation.History.Navigate"/>
  <testcase name="a5Device" time="2.216" classname="Operation.History.Navigate"/>
  <testcase name="a2NewMsg" time="1.875" classname="Operation.History.Navigate"/>
  <testcase name="b4Page1" time="1.821" classname="Operation.History.Navigate"/>
  <testcase name="b2Display50" time="3.694" classname="Operation.History.Navigate"/>
  <testcase name="b5Next" time="3.668" classname="Operation.History.Navigate"/>
  <testcase name="a6Parnter" time="2.430" classname="Operation.History.Navigate"/>
  <testcase name="b3Display100" time="3.370" classname="Operation.History.Navigate"/>
  <testcase name="getUrl" classname="LoginTest.LoginTest">
    <skipped/>
  </testcase> <!-- getUrl -->
  <testcase name="phoneisWrongPwd" classname="LoginTest.LoginTest">
    <skipped/>
  </testcase> <!-- phoneisWrongPwd -->
  <testcase name="phoneisWrongformat1" classname="LoginTest.LoginTest">
    <skipped/>
  </testcase> <!-- phoneisWrongformat1 -->
  <testcase name="phoneisWrongformat2" classname="LoginTest.LoginTest">
    <skipped/>
  </testcase> <!-- phoneisWrongformat2 -->
  <testcase name="phoneisLock" classname="LoginTest.LoginTest">
    <skipped/>
  </testcase> <!-- phoneisLock -->
  <testcase name="phoneisWrongformat3" classname="LoginTest.LoginTest">
    <skipped/>
  </testcase> <!-- phoneisWrongformat3 -->
  <testcase name="phoneisWrongNumber" classname="LoginTest.LoginTest">
    <skipped/>
  </testcase> <!-- phoneisWrongNumber -->
  <testcase name="phoneisNull" classname="LoginTest.LoginTest">
    <skipped/>
  </testcase> <!-- phoneisNull -->
</testsuite> <!-- Operation.History.Navigate -->
