<?xml version="1.0" encoding="UTF-8"?>
<!-- Generated by org.testng.reporters.JUnitReportReporter -->
<testsuite name="Operation.NewsList" tests="27" time="45.399" ignored="8" failures="0" timestamp="29 十一月 2017 01:10:54 GMT" skipped="0" hostname="weiqiangdeMacBook-Pro.local" errors="0">
  <testcase name="b3apushObjAll" time="0.866" classname="Operation.NewsList"/>
  <testcase name="a8Device_click" time="1.893" classname="Operation.NewsList"/>
  <testcase name="a5leftnavi1" time="0.136" classname="Operation.NewsList"/>
  <testcase name="a7Album_click" time="2.019" classname="Operation.NewsList"/>
  <testcase name="c3WhiteSelectAll" time="2.628" classname="Operation.NewsList"/>
  <testcase name="a3default3" time="0.038" classname="Operation.NewsList"/>
  <testcase name="c6Page1Disabled" time="1.885" classname="Operation.NewsList"/>
  <testcase name="b5pushObjCancelAll" time="2.651" classname="Operation.NewsList"/>
  <testcase name="b4WriteSelectAll" time="2.163" classname="Operation.NewsList"/>
  <testcase name="c7PageLastDisabled" time="1.894" classname="Operation.NewsList"/>
  <testcase name="b8WhiteAfterCancelAll" time="2.669" classname="Operation.NewsList"/>
  <testcase name="c4RecentPushCancel" time="2.212" classname="Operation.NewsList"/>
  <testcase name="a4NewMsgz_click" time="0.562" classname="Operation.NewsList"/>
  <testcase name="c8PageNext" time="2.801" classname="Operation.NewsList"/>
  <testcase name="zlogout" time="0.248" classname="Operation.NewsList"/>
  <testcase name="b2pushObjNums" time="0.862" classname="Operation.NewsList"/>
  <testcase name="a1default1" time="0.042" classname="Operation.NewsList"/>
  <testcase name="c2WhiteSelectTwoPages" time="4.908" classname="Operation.NewsList"/>
  <testcase name="c9LastPage" time="0.283" classname="Operation.NewsList"/>
  <testcase name="a2default2" time="0.041" classname="Operation.NewsList"/>
  <testcase name="b6seleckallAfterSelectone" time="1.943" classname="Operation.NewsList"/>
  <testcase name="b7textOfCancelAll" time="2.265" classname="Operation.NewsList"/>
  <testcase name="b9WhiteSelectAllAgain" time="3.173" classname="Operation.NewsList"/>
  <testcase name="a9Partner_click" time="1.946" classname="Operation.NewsList"/>
  <testcase name="b1pushObj" time="1.045" classname="Operation.NewsList"/>
  <testcase name="a6history_click" time="1.008" classname="Operation.NewsList"/>
  <testcase name="c1WhiteSelectTwoPages" time="3.218" classname="Operation.NewsList"/>
  <testcase name="getUrl" classname="LoginTest.LoginTest">
    <skipped/>
  </testcase> <!-- getUrl -->
  <testcase name="phoneisWrongPwd" classname="LoginTest.LoginTest">
    <skipped/>
  </testcase> <!-- phoneisWrongPwd -->
  <testcase name="phoneisWrongformat1" classname="LoginTest.LoginTest">
    <skipped/>
  </testcase> <!-- phoneisWrongformat1 -->
  <testcase name="phoneisWrongformat2" classname="LoginTest.LoginTest">
    <skipped/>
  </testcase> <!-- phoneisWrongformat2 -->
  <testcase name="phoneisLock" classname="LoginTest.LoginTest">
    <skipped/>
  </testcase> <!-- phoneisLock -->
  <testcase name="phoneisWrongformat3" classname="LoginTest.LoginTest">
    <skipped/>
  </testcase> <!-- phoneisWrongformat3 -->
  <testcase name="phoneisWrongNumber" classname="LoginTest.LoginTest">
    <skipped/>
  </testcase> <!-- phoneisWrongNumber -->
  <testcase name="phoneisNull" classname="LoginTest.LoginTest">
    <skipped/>
  </testcase> <!-- phoneisNull -->
</testsuite> <!-- Operation.NewsList -->
