<?xml version="1.0" encoding="UTF-8"?>
<!-- Generated by org.testng.reporters.JUnitReportReporter -->
<testsuite name="Operation.NewsList" tests="27" time="45.940" ignored="8" failures="0" timestamp="27 十一月 2017 03:07:55 GMT" skipped="0" hostname="weiqiangdeMacBook-Pro.local" errors="0">
  <testcase name="b5pushObjCancelAll" time="2.678" classname="Operation.NewsList"/>
  <testcase name="zlogout" time="0.276" classname="Operation.NewsList"/>
  <testcase name="a7Album_click" time="1.852" classname="Operation.NewsList"/>
  <testcase name="a6history_click" time="0.978" classname="Operation.NewsList"/>
  <testcase name="a1default1" time="0.034" classname="Operation.NewsList"/>
  <testcase name="b6seleckallAfterSelectone" time="2.104" classname="Operation.NewsList"/>
  <testcase name="a2default2" time="0.035" classname="Operation.NewsList"/>
  <testcase name="c2WhiteSelectTwoPages" time="5.124" classname="Operation.NewsList"/>
  <testcase name="c8PageNext" time="2.745" classname="Operation.NewsList"/>
  <testcase name="a8Device_click" time="2.419" classname="Operation.NewsList"/>
  <testcase name="a9Partner_click" time="1.196" classname="Operation.NewsList"/>
  <testcase name="a3default3" time="0.057" classname="Operation.NewsList"/>
  <testcase name="b9WhiteSelectAllAgain" time="3.206" classname="Operation.NewsList"/>
  <testcase name="b1pushObj" time="0.979" classname="Operation.NewsList"/>
  <testcase name="c4RecentPushCancel" time="2.256" classname="Operation.NewsList"/>
  <testcase name="b7textOfCancelAll" time="2.236" classname="Operation.NewsList"/>
  <testcase name="b3apushObjAll" time="0.853" classname="Operation.NewsList"/>
  <testcase name="c3WhiteSelectAll" time="2.753" classname="Operation.NewsList"/>
  <testcase name="b8WhiteAfterCancelAll" time="2.671" classname="Operation.NewsList"/>
  <testcase name="b4WriteSelectAll" time="2.242" classname="Operation.NewsList"/>
  <testcase name="a4NewMsgz_click" time="0.655" classname="Operation.NewsList"/>
  <testcase name="b2pushObjNums" time="0.835" classname="Operation.NewsList"/>
  <testcase name="c1WhiteSelectTwoPages" time="3.356" classname="Operation.NewsList"/>
  <testcase name="c9LastPage" time="0.497" classname="Operation.NewsList"/>
  <testcase name="c7PageLastDisabled" time="1.926" classname="Operation.NewsList"/>
  <testcase name="a5leftnavi1" time="0.048" classname="Operation.NewsList"/>
  <testcase name="c6Page1Disabled" time="1.929" classname="Operation.NewsList"/>
  <testcase name="getUrl" classname="LoginTest.LoginTest">
    <skipped/>
  </testcase> <!-- getUrl -->
  <testcase name="phoneisWrongPwd" classname="LoginTest.LoginTest">
    <skipped/>
  </testcase> <!-- phoneisWrongPwd -->
  <testcase name="phoneisWrongformat1" classname="LoginTest.LoginTest">
    <skipped/>
  </testcase> <!-- phoneisWrongformat1 -->
  <testcase name="phoneisWrongformat2" classname="LoginTest.LoginTest">
    <skipped/>
  </testcase> <!-- phoneisWrongformat2 -->
  <testcase name="phoneisLock" classname="LoginTest.LoginTest">
    <skipped/>
  </testcase> <!-- phoneisLock -->
  <testcase name="phoneisWrongformat3" classname="LoginTest.LoginTest">
    <skipped/>
  </testcase> <!-- phoneisWrongformat3 -->
  <testcase name="phoneisWrongNumber" classname="LoginTest.LoginTest">
    <skipped/>
  </testcase> <!-- phoneisWrongNumber -->
  <testcase name="phoneisNull" classname="LoginTest.LoginTest">
    <skipped/>
  </testcase> <!-- phoneisNull -->
</testsuite> <!-- Operation.NewsList -->
