<?xml version="1.0" encoding="UTF-8"?>
<!-- Generated by org.testng.reporters.JUnitReportReporter -->
<testsuite name="Operation.WriteNewMsg.Contents" tests="16" time="32.228" ignored="8" failures="0" timestamp="27 十一月 2017 03:07:50 GMT" skipped="0" hostname="weiqiangdeMacBook-Pro.local" errors="0">
  <testcase name="b0PicClick" time="1.583" classname="Operation.WriteNewMsg.Contents"/>
  <testcase name="b1PicEdit" time="1.550" classname="Operation.WriteNewMsg.Contents"/>
  <testcase name="b3UploadAgain" time="3.037" classname="Operation.WriteNewMsg.Contents"/>
  <testcase name="b7DeleteVideo" time="2.217" classname="Operation.WriteNewMsg.Contents"/>
  <testcase name="b5VideoClick" time="7.744" classname="Operation.WriteNewMsg.Contents"/>
  <testcase name="b6VideoEdit" time="0.654" classname="Operation.WriteNewMsg.Contents"/>
  <testcase name="aTitleLength14" time="0.196" classname="Operation.WriteNewMsg.Contents"/>
  <testcase name="abChangeLabel" time="0.814" classname="Operation.WriteNewMsg.Contents"/>
  <testcase name="beforeMethod" time="0.000" classname="Operation.WriteNewMsg.Contents"/>
  <testcase name="b0TextareaCount" time="0.724" classname="Operation.WriteNewMsg.Contents"/>
  <testcase name="acDefaultLabel" time="0.346" classname="Operation.WriteNewMsg.Contents"/>
  <testcase name="b4Preview" time="1.514" classname="Operation.WriteNewMsg.Contents"/>
  <testcase name="b2PicDelete" time="9.213" classname="Operation.WriteNewMsg.Contents"/>
  <testcase name="aTitleNull" time="0.773" classname="Operation.WriteNewMsg.Contents"/>
  <testcase name="b8UploadVideoAgain" time="1.722" classname="Operation.WriteNewMsg.Contents"/>
  <testcase name="aaDefaultLabel" time="0.141" classname="Operation.WriteNewMsg.Contents"/>
  <testcase name="getUrl" classname="LoginTest.LoginTest">
    <skipped/>
  </testcase> <!-- getUrl -->
  <testcase name="phoneisWrongPwd" classname="LoginTest.LoginTest">
    <skipped/>
  </testcase> <!-- phoneisWrongPwd -->
  <testcase name="phoneisWrongformat1" classname="LoginTest.LoginTest">
    <skipped/>
  </testcase> <!-- phoneisWrongformat1 -->
  <testcase name="phoneisWrongformat2" classname="LoginTest.LoginTest">
    <skipped/>
  </testcase> <!-- phoneisWrongformat2 -->
  <testcase name="phoneisLock" classname="LoginTest.LoginTest">
    <skipped/>
  </testcase> <!-- phoneisLock -->
  <testcase name="phoneisWrongformat3" classname="LoginTest.LoginTest">
    <skipped/>
  </testcase> <!-- phoneisWrongformat3 -->
  <testcase name="phoneisWrongNumber" classname="LoginTest.LoginTest">
    <skipped/>
  </testcase> <!-- phoneisWrongNumber -->
  <testcase name="phoneisNull" classname="LoginTest.LoginTest">
    <skipped/>
  </testcase> <!-- phoneisNull -->
</testsuite> <!-- Operation.WriteNewMsg.Contents -->
