<?xml version="1.0" encoding="UTF-8"?>
<!-- Generated by org.testng.reporters.JUnitReportReporter -->
<testsuite name="Operation.WriteNewMsg.Preview" tests="8" time="12.791" ignored="8" failures="0" timestamp="29 十一月 2017 01:10:19 GMT" skipped="0" hostname="weiqiangdeMacBook-Pro.local" errors="0">
  <testcase name="a8ClickChangeObj" time="1.954" classname="Operation.WriteNewMsg.Preview"/>
  <testcase name="a5PreviewCurrentLocation" time="1.230" classname="Operation.WriteNewMsg.Preview"/>
  <testcase name="a6CurrentLocationWrite" time="1.681" classname="Operation.WriteNewMsg.Preview"/>
  <testcase name="a3BacktoWrite" time="1.838" classname="Operation.WriteNewMsg.Preview"/>
  <testcase name="a4VideoPreview" time="4.430" classname="Operation.WriteNewMsg.Preview"/>
  <testcase name="a7PreviewNotClickable" time="1.259" classname="Operation.WriteNewMsg.Preview"/>
  <testcase name="a2PreviewClickable" time="0.381" classname="Operation.WriteNewMsg.Preview"/>
  <testcase name="a1PreviewNotClickable" time="0.018" classname="Operation.WriteNewMsg.Preview"/>
  <testcase name="getUrl" classname="LoginTest.LoginTest">
    <skipped/>
  </testcase> <!-- getUrl -->
  <testcase name="phoneisWrongPwd" classname="LoginTest.LoginTest">
    <skipped/>
  </testcase> <!-- phoneisWrongPwd -->
  <testcase name="phoneisWrongformat1" classname="LoginTest.LoginTest">
    <skipped/>
  </testcase> <!-- phoneisWrongformat1 -->
  <testcase name="phoneisWrongformat2" classname="LoginTest.LoginTest">
    <skipped/>
  </testcase> <!-- phoneisWrongformat2 -->
  <testcase name="phoneisLock" classname="LoginTest.LoginTest">
    <skipped/>
  </testcase> <!-- phoneisLock -->
  <testcase name="phoneisWrongformat3" classname="LoginTest.LoginTest">
    <skipped/>
  </testcase> <!-- phoneisWrongformat3 -->
  <testcase name="phoneisWrongNumber" classname="LoginTest.LoginTest">
    <skipped/>
  </testcase> <!-- phoneisWrongNumber -->
  <testcase name="phoneisNull" classname="LoginTest.LoginTest">
    <skipped/>
  </testcase> <!-- phoneisNull -->
</testsuite> <!-- Operation.WriteNewMsg.Preview -->
