<?xml version="1.0" encoding="UTF-8"?>
<!-- Generated by org.testng.reporters.JUnitReportReporter -->
<testsuite name="LoginTest.LoginTest" tests="8" time="5.545" ignored="8" failures="0" timestamp="27 十一月 2017 03:07:35 GMT" skipped="0" hostname="weiqiangdeMacBook-Pro.local" errors="0">
  <testcase name="phoneisWrongformat3" time="0.866" classname="LoginTest.LoginTest"/>
  <testcase name="phoneisLock" time="0.914" classname="LoginTest.LoginTest"/>
  <testcase name="phoneisWrongNumber" time="0.876" classname="LoginTest.LoginTest"/>
  <testcase name="phoneisNull" time="0.309" classname="LoginTest.LoginTest"/>
  <testcase name="phoneisWrongPwd" time="0.819" classname="LoginTest.LoginTest"/>
  <testcase name="phoneisWrongformat2" time="0.866" classname="LoginTest.LoginTest"/>
  <testcase name="phoneisWrongformat1" time="0.882" classname="LoginTest.LoginTest"/>
  <testcase name="getUrl" time="0.013" classname="LoginTest.LoginTest"/>
  <testcase name="getUrl" classname="LoginTest.LoginTest">
    <skipped/>
  </testcase> <!-- getUrl -->
  <testcase name="phoneisWrongPwd" classname="LoginTest.LoginTest">
    <skipped/>
  </testcase> <!-- phoneisWrongPwd -->
  <testcase name="phoneisWrongformat1" classname="LoginTest.LoginTest">
    <skipped/>
  </testcase> <!-- phoneisWrongformat1 -->
  <testcase name="phoneisWrongformat2" classname="LoginTest.LoginTest">
    <skipped/>
  </testcase> <!-- phoneisWrongformat2 -->
  <testcase name="phoneisLock" classname="LoginTest.LoginTest">
    <skipped/>
  </testcase> <!-- phoneisLock -->
  <testcase name="phoneisWrongformat3" classname="LoginTest.LoginTest">
    <skipped/>
  </testcase> <!-- phoneisWrongformat3 -->
  <testcase name="phoneisWrongNumber" classname="LoginTest.LoginTest">
    <skipped/>
  </testcase> <!-- phoneisWrongNumber -->
  <testcase name="phoneisNull" classname="LoginTest.LoginTest">
    <skipped/>
  </testcase> <!-- phoneisNull -->
</testsuite> <!-- LoginTest.LoginTest -->
