<?xml version="1.0" encoding="UTF-8"?>
<!-- Generated by org.testng.reporters.JUnitReportReporter -->
<testsuite name="Operation.WriteNewMsg.PictureUpload" tests="21" time="107.375" ignored="8" failures="0" timestamp="27 十一月 2017 03:07:40 GMT" skipped="0" hostname="weiqiangdeMacBook-Pro.local" errors="0">
  <testcase name="b7UploadedAgainTwice" time="4.510" classname="Operation.WriteNewMsg.PictureUpload"/>
  <testcase name="a6UploadingClickOutside" time="5.112" classname="Operation.WriteNewMsg.PictureUpload"/>
  <testcase name="a8UploadingClickX" time="5.002" classname="Operation.WriteNewMsg.PictureUpload"/>
  <testcase name="a8UploadingCloseCancel" time="11.236" classname="Operation.WriteNewMsg.PictureUpload"/>
  <testcase name="b1UploadingCloseConfirmUploadAgain" time="6.812" classname="Operation.WriteNewMsg.PictureUpload"/>
  <testcase name="b9UploadedCloseCancel" time="3.776" classname="Operation.WriteNewMsg.PictureUpload"/>
  <testcase name="a9UploadingCloseConfirm" time="5.033" classname="Operation.WriteNewMsg.PictureUpload"/>
  <testcase name="b2UploadedScroll" time="5.259" classname="Operation.WriteNewMsg.PictureUpload"/>
  <testcase name="a1TitleText" time="3.412" classname="Operation.WriteNewMsg.PictureUpload"/>
  <testcase name="c1UploadedCloseConfirm" time="5.715" classname="Operation.WriteNewMsg.PictureUpload"/>
  <testcase name="a5UploadingScroll" time="3.141" classname="Operation.WriteNewMsg.PictureUpload"/>
  <testcase name="b6UploadedAgainTextVerify" time="7.795" classname="Operation.WriteNewMsg.PictureUpload"/>
  <testcase name="b3UloadedClickOutside" time="4.967" classname="Operation.WriteNewMsg.PictureUpload"/>
  <testcase name="b5UploadAgain" time="6.110" classname="Operation.WriteNewMsg.PictureUpload"/>
  <testcase name="a4UploadingTextInput" time="2.741" classname="Operation.WriteNewMsg.PictureUpload"/>
  <testcase name="a3PictureSizeVerify" time="3.560" classname="Operation.WriteNewMsg.PictureUpload"/>
  <testcase name="b8UploadedClose" time="3.294" classname="Operation.WriteNewMsg.PictureUpload"/>
  <testcase name="b4UploadedTextInput" time="7.184" classname="Operation.WriteNewMsg.PictureUpload"/>
  <testcase name="a7UploadingClickFinish" time="2.985" classname="Operation.WriteNewMsg.PictureUpload"/>
  <testcase name="c2UploadedCloseConfirmUploadAgain" time="6.494" classname="Operation.WriteNewMsg.PictureUpload"/>
  <testcase name="a2Title30Chars" time="3.237" classname="Operation.WriteNewMsg.PictureUpload"/>
  <testcase name="getUrl" classname="LoginTest.LoginTest">
    <skipped/>
  </testcase> <!-- getUrl -->
  <testcase name="phoneisWrongPwd" classname="LoginTest.LoginTest">
    <skipped/>
  </testcase> <!-- phoneisWrongPwd -->
  <testcase name="phoneisWrongformat1" classname="LoginTest.LoginTest">
    <skipped/>
  </testcase> <!-- phoneisWrongformat1 -->
  <testcase name="phoneisWrongformat2" classname="LoginTest.LoginTest">
    <skipped/>
  </testcase> <!-- phoneisWrongformat2 -->
  <testcase name="phoneisLock" classname="LoginTest.LoginTest">
    <skipped/>
  </testcase> <!-- phoneisLock -->
  <testcase name="phoneisWrongformat3" classname="LoginTest.LoginTest">
    <skipped/>
  </testcase> <!-- phoneisWrongformat3 -->
  <testcase name="phoneisWrongNumber" classname="LoginTest.LoginTest">
    <skipped/>
  </testcase> <!-- phoneisWrongNumber -->
  <testcase name="phoneisNull" classname="LoginTest.LoginTest">
    <skipped/>
  </testcase> <!-- phoneisNull -->
</testsuite> <!-- Operation.WriteNewMsg.PictureUpload -->
