<?xml version="1.0" encoding="UTF-8"?>
<!-- Generated by org.testng.reporters.JUnitReportReporter -->
<testsuite name="Operation.WriteNewMsg.Contents" tests="16" time="31.941" ignored="8" failures="0" timestamp="29 十一月 2017 01:10:49 GMT" skipped="0" hostname="weiqiangdeMacBook-Pro.local" errors="0">
  <testcase name="aTitleNull" time="0.688" classname="Operation.WriteNewMsg.Contents"/>
  <testcase name="b6VideoEdit" time="0.667" classname="Operation.WriteNewMsg.Contents"/>
  <testcase name="b8UploadVideoAgain" time="2.184" classname="Operation.WriteNewMsg.Contents"/>
  <testcase name="b4Preview" time="1.502" classname="Operation.WriteNewMsg.Contents"/>
  <testcase name="b1PicEdit" time="1.533" classname="Operation.WriteNewMsg.Contents"/>
  <testcase name="b5VideoClick" time="7.247" classname="Operation.WriteNewMsg.Contents"/>
  <testcase name="beforeMethod" time="0.000" classname="Operation.WriteNewMsg.Contents"/>
  <testcase name="b3UploadAgain" time="3.012" classname="Operation.WriteNewMsg.Contents"/>
  <testcase name="b0PicClick" time="1.570" classname="Operation.WriteNewMsg.Contents"/>
  <testcase name="abChangeLabel" time="0.804" classname="Operation.WriteNewMsg.Contents"/>
  <testcase name="b0TextareaCount" time="0.712" classname="Operation.WriteNewMsg.Contents"/>
  <testcase name="b2PicDelete" time="9.190" classname="Operation.WriteNewMsg.Contents"/>
  <testcase name="aaDefaultLabel" time="0.119" classname="Operation.WriteNewMsg.Contents"/>
  <testcase name="b7DeleteVideo" time="2.185" classname="Operation.WriteNewMsg.Contents"/>
  <testcase name="aTitleLength14" time="0.178" classname="Operation.WriteNewMsg.Contents"/>
  <testcase name="acDefaultLabel" time="0.350" classname="Operation.WriteNewMsg.Contents"/>
  <testcase name="getUrl" classname="LoginTest.LoginTest">
    <skipped/>
  </testcase> <!-- getUrl -->
  <testcase name="phoneisWrongPwd" classname="LoginTest.LoginTest">
    <skipped/>
  </testcase> <!-- phoneisWrongPwd -->
  <testcase name="phoneisWrongformat1" classname="LoginTest.LoginTest">
    <skipped/>
  </testcase> <!-- phoneisWrongformat1 -->
  <testcase name="phoneisWrongformat2" classname="LoginTest.LoginTest">
    <skipped/>
  </testcase> <!-- phoneisWrongformat2 -->
  <testcase name="phoneisLock" classname="LoginTest.LoginTest">
    <skipped/>
  </testcase> <!-- phoneisLock -->
  <testcase name="phoneisWrongformat3" classname="LoginTest.LoginTest">
    <skipped/>
  </testcase> <!-- phoneisWrongformat3 -->
  <testcase name="phoneisWrongNumber" classname="LoginTest.LoginTest">
    <skipped/>
  </testcase> <!-- phoneisWrongNumber -->
  <testcase name="phoneisNull" classname="LoginTest.LoginTest">
    <skipped/>
  </testcase> <!-- phoneisNull -->
</testsuite> <!-- Operation.WriteNewMsg.Contents -->
