<?xml version="1.0" encoding="UTF-8"?>
<!-- Generated by org.testng.reporters.JUnitReportReporter -->
<testsuite name="Operation.WriteNewMsg.PictureUpload" tests="21" time="105.569" ignored="8" failures="0" timestamp="29 十一月 2017 01:10:39 GMT" skipped="0" hostname="weiqiangdeMacBook-Pro.local" errors="0">
  <testcase name="b6UploadedAgainTextVerify" time="7.379" classname="Operation.WriteNewMsg.PictureUpload"/>
  <testcase name="b3UloadedClickOutside" time="3.126" classname="Operation.WriteNewMsg.PictureUpload"/>
  <testcase name="c1UploadedCloseConfirm" time="5.752" classname="Operation.WriteNewMsg.PictureUpload"/>
  <testcase name="a6UploadingClickOutside" time="5.015" classname="Operation.WriteNewMsg.PictureUpload"/>
  <testcase name="b9UploadedCloseCancel" time="5.664" classname="Operation.WriteNewMsg.PictureUpload"/>
  <testcase name="a1TitleText" time="3.162" classname="Operation.WriteNewMsg.PictureUpload"/>
  <testcase name="b5UploadAgain" time="6.265" classname="Operation.WriteNewMsg.PictureUpload"/>
  <testcase name="a7UploadingClickFinish" time="4.558" classname="Operation.WriteNewMsg.PictureUpload"/>
  <testcase name="b7UploadedAgainTwice" time="6.499" classname="Operation.WriteNewMsg.PictureUpload"/>
  <testcase name="a9UploadingCloseConfirm" time="5.950" classname="Operation.WriteNewMsg.PictureUpload"/>
  <testcase name="c2UploadedCloseConfirmUploadAgain" time="4.882" classname="Operation.WriteNewMsg.PictureUpload"/>
  <testcase name="b1UploadingCloseConfirmUploadAgain" time="4.273" classname="Operation.WriteNewMsg.PictureUpload"/>
  <testcase name="a8UploadingClickX" time="2.760" classname="Operation.WriteNewMsg.PictureUpload"/>
  <testcase name="a5UploadingScroll" time="3.743" classname="Operation.WriteNewMsg.PictureUpload"/>
  <testcase name="b4UploadedTextInput" time="4.726" classname="Operation.WriteNewMsg.PictureUpload"/>
  <testcase name="a2Title30Chars" time="5.363" classname="Operation.WriteNewMsg.PictureUpload"/>
  <testcase name="b2UploadedScroll" time="3.527" classname="Operation.WriteNewMsg.PictureUpload"/>
  <testcase name="a3PictureSizeVerify" time="5.403" classname="Operation.WriteNewMsg.PictureUpload"/>
  <testcase name="a8UploadingCloseCancel" time="9.125" classname="Operation.WriteNewMsg.PictureUpload"/>
  <testcase name="b8UploadedClose" time="5.591" classname="Operation.WriteNewMsg.PictureUpload"/>
  <testcase name="a4UploadingTextInput" time="2.806" classname="Operation.WriteNewMsg.PictureUpload"/>
  <testcase name="getUrl" classname="LoginTest.LoginTest">
    <skipped/>
  </testcase> <!-- getUrl -->
  <testcase name="phoneisWrongPwd" classname="LoginTest.LoginTest">
    <skipped/>
  </testcase> <!-- phoneisWrongPwd -->
  <testcase name="phoneisWrongformat1" classname="LoginTest.LoginTest">
    <skipped/>
  </testcase> <!-- phoneisWrongformat1 -->
  <testcase name="phoneisWrongformat2" classname="LoginTest.LoginTest">
    <skipped/>
  </testcase> <!-- phoneisWrongformat2 -->
  <testcase name="phoneisLock" classname="LoginTest.LoginTest">
    <skipped/>
  </testcase> <!-- phoneisLock -->
  <testcase name="phoneisWrongformat3" classname="LoginTest.LoginTest">
    <skipped/>
  </testcase> <!-- phoneisWrongformat3 -->
  <testcase name="phoneisWrongNumber" classname="LoginTest.LoginTest">
    <skipped/>
  </testcase> <!-- phoneisWrongNumber -->
  <testcase name="phoneisNull" classname="LoginTest.LoginTest">
    <skipped/>
  </testcase> <!-- phoneisNull -->
</testsuite> <!-- Operation.WriteNewMsg.PictureUpload -->
