<?xml version="1.0" encoding="UTF-8"?>
<!-- Generated by org.testng.reporters.JUnitReportReporter -->
<testsuite name="Operation.WriteNewMsg.VideoUpload" tests="17" time="104.625" ignored="8" failures="0" timestamp="27 十一月 2017 03:07:30 GMT" skipped="0" hostname="weiqiangdeMacBook-Pro.local" errors="0">
  <testcase name="a6UploadingClickOutside" time="4.771" classname="Operation.WriteNewMsg.VideoUpload"/>
  <testcase name="b7UploadedCancelClose" time="5.600" classname="Operation.WriteNewMsg.VideoUpload"/>
  <testcase name="b2UploadingConfirmClose" time="3.233" classname="Operation.WriteNewMsg.VideoUpload"/>
  <testcase name="a4UploadingInputTitle" time="7.128" classname="Operation.WriteNewMsg.VideoUpload"/>
  <testcase name="a8Uploading50Close" time="4.443" classname="Operation.WriteNewMsg.VideoUpload"/>
  <testcase name="b5UploadingClickOutside" time="5.235" classname="Operation.WriteNewMsg.VideoUpload"/>
  <testcase name="b4UploadedScroll" time="7.051" classname="Operation.WriteNewMsg.VideoUpload"/>
  <testcase name="b3UploadAgain" time="6.865" classname="Operation.WriteNewMsg.VideoUpload"/>
  <testcase name="b6UploadedClose" time="4.369" classname="Operation.WriteNewMsg.VideoUpload"/>
  <testcase name="b8UploadedCloseConfirm" time="7.378" classname="Operation.WriteNewMsg.VideoUpload"/>
  <testcase name="a3WrongFormat" time="6.721" classname="Operation.WriteNewMsg.VideoUpload"/>
  <testcase name="a9Uploading90Close" time="6.642" classname="Operation.WriteNewMsg.VideoUpload"/>
  <testcase name="a2Title30chars" time="4.023" classname="Operation.WriteNewMsg.VideoUpload"/>
  <testcase name="b1UploadingCancelX" time="15.569" classname="Operation.WriteNewMsg.VideoUpload"/>
  <testcase name="a7UploadingVerifyFinish" time="4.497" classname="Operation.WriteNewMsg.VideoUpload"/>
  <testcase name="a1TitleAlert" time="4.743" classname="Operation.WriteNewMsg.VideoUpload"/>
  <testcase name="a5UploadingScroll" time="6.357" classname="Operation.WriteNewMsg.VideoUpload"/>
  <testcase name="getUrl" classname="LoginTest.LoginTest">
    <skipped/>
  </testcase> <!-- getUrl -->
  <testcase name="phoneisWrongPwd" classname="LoginTest.LoginTest">
    <skipped/>
  </testcase> <!-- phoneisWrongPwd -->
  <testcase name="phoneisWrongformat1" classname="LoginTest.LoginTest">
    <skipped/>
  </testcase> <!-- phoneisWrongformat1 -->
  <testcase name="phoneisWrongformat2" classname="LoginTest.LoginTest">
    <skipped/>
  </testcase> <!-- phoneisWrongformat2 -->
  <testcase name="phoneisLock" classname="LoginTest.LoginTest">
    <skipped/>
  </testcase> <!-- phoneisLock -->
  <testcase name="phoneisWrongformat3" classname="LoginTest.LoginTest">
    <skipped/>
  </testcase> <!-- phoneisWrongformat3 -->
  <testcase name="phoneisWrongNumber" classname="LoginTest.LoginTest">
    <skipped/>
  </testcase> <!-- phoneisWrongNumber -->
  <testcase name="phoneisNull" classname="LoginTest.LoginTest">
    <skipped/>
  </testcase> <!-- phoneisNull -->
</testsuite> <!-- Operation.WriteNewMsg.VideoUpload -->
